# JRE version: Java(TM) SE Runtime Environment (19.0.1+10) (build 19.0.1+10-21)
# Java VM: Java HotSpot(TM) 64-Bit Server VM (19.0.1+10-21, mixed mode, sharing, tiered, compressed oops, compressed class ptrs, g1 gc, windows-amd64)
GC Precious Log:
 CardTable entry size: 512
 Card Set container configuration: InlinePtr #cards 5 size 8 Array Of Cards #cards 12 size 40 Howl #buckets 4 coarsen threshold 1843 Howl Bitmap #cards 512 size 80 coarsen threshold 460 Card regions per heap region 1 cards per card region 2048
 CPUs: 12 total, 12 available
 Memory: 7502M
 Large Page Support: Disabled
 NUMA Support: Disabled
 Compressed Oops: Enabled (32-bit)
 Heap Region Size: 1M
 Heap Min Capacity: 8M
 Heap Initial Capacity: 118M
 Heap Max Capacity: 1876M
 Pre-touch: Disabled
 Parallel Workers: 10
 Concurrent Workers: 3
 Concurrent Refinement Workers: 10
 Periodic GC: Disabled
Heap:
 garbage-first heap   total 56320K, used 20711K [0x000000008ac00000, 0x0000000100000000)
  region size 1024K, 1 young (1024K), 1 survivors (1024K)
 Metaspace       used 39012K, committed 39616K, reserved 1114112K
  class space    used 4681K, committed 4992K, reserved 1048576K
GC Heap History (20 events):
Event: 13710.176 GC heap after
{Heap after GC invocations=57 (full 0):
 garbage-first heap   total 56320K, used 20735K [0x000000008ac00000, 0x0000000100000000)
  region size 1024K, 1 young (1024K), 1 survivors (1024K)
 Metaspace       used 39012K, committed 39616K, reserved 1114112K
  class space    used 4681K, committed 4992K, reserved 1048576K
}
Event: 13893.600 GC heap before
{Heap before GC invocations=57 (full 0):
 garbage-first heap   total 56320K, used 47359K [0x000000008ac00000, 0x0000000100000000)
  region size 1024K, 27 young (27648K), 1 survivors (1024K)
 Metaspace       used 39012K, committed 39616K, reserved 1114112K
  class space    used 4681K, committed 4992K, reserved 1048576K
}
Event: 13893.603 GC heap after
{Heap after GC invocations=58 (full 0):
 garbage-first heap   total 56320K, used 20738K [0x000000008ac00000, 0x0000000100000000)
  region size 1024K, 1 young (1024K), 1 survivors (1024K)
 Metaspace       used 39012K, committed 39616K, reserved 1114112K
  class space    used 4681K, committed 4992K, reserved 1048576K
}
Event: 14125.161 GC heap before
{Heap before GC invocations=58 (full 0):
 garbage-first heap   total 56320K, used 47362K [0x000000008ac00000, 0x0000000100000000)
  region size 1024K, 27 young (27648K), 1 survivors (1024K)
 Metaspace       used 39012K, committed 39616K, reserved 1114112K
  class space    used 4681K, committed 4992K, reserved 1048576K
}
Event: 14125.165 GC heap after
{Heap after GC invocations=59 (full 0):
 garbage-first heap   total 56320K, used 20701K [0x000000008ac00000, 0x0000000100000000)
  region size 1024K, 1 young (1024K), 1 survivors (1024K)
 Metaspace       used 39012K, committed 39616K, reserved 1114112K
  class space    used 4681K, committed 4992K, reserved 1048576K
}
Event: 14307.164 GC heap before
{Heap before GC invocations=59 (full 0):
 garbage-first heap   total 56320K, used 47325K [0x000000008ac00000, 0x0000000100000000)
  region size 1024K, 27 young (27648K), 1 survivors (1024K)
 Metaspace       used 39012K, committed 39616K, reserved 1114112K
  class space    used 4681K, committed 4992K, reserved 1048576K
}
Event: 14307.172 GC heap after
{Heap after GC invocations=60 (full 0):
 garbage-first heap   total 56320K, used 20699K [0x000000008ac00000, 0x0000000100000000)
  region size 1024K, 1 young (1024K), 1 survivors (1024K)
 Metaspace       used 39012K, committed 39616K, reserved 1114112K
  class space    used 4681K, committed 4992K, reserved 1048576K
}
Event: 14490.447 GC heap before
{Heap before GC invocations=60 (full 0):
 garbage-first heap   total 56320K, used 47323K [0x000000008ac00000, 0x0000000100000000)
  region size 1024K, 27 young (27648K), 1 survivors (1024K)
 Metaspace       used 39012K, committed 39616K, reserved 1114112K
  class space    used 4681K, committed 4992K, reserved 1048576K
}
Event: 14490.449 GC heap after
{Heap after GC invocations=61 (full 0):
 garbage-first heap   total 56320K, used 20737K [0x000000008ac00000, 0x0000000100000000)
  region size 1024K, 1 young (1024K), 1 survivors (1024K)
 Metaspace       used 39012K, committed 39616K, reserved 1114112K
  class space    used 4681K, committed 4992K, reserved 1048576K
}
Event: 14907.311 GC heap before
{Heap before GC invocations=61 (full 0):
 garbage-first heap   total 56320K, used 47361K [0x000000008ac00000, 0x0000000100000000)
  region size 1024K, 27 young (27648K), 1 survivors (1024K)
 Metaspace       used 39012K, committed 39616K, reserved 1114112K
  class space    used 4681K, committed 4992K, reserved 1048576K
}
Event: 14908.546 GC heap after
{Heap after GC invocations=62 (full 0):
 garbage-first heap   total 56320K, used 20739K [0x000000008ac00000, 0x0000000100000000)
  region size 1024K, 1 young (1024K), 1 survivors (1024K)
 Metaspace       used 39012K, committed 39616K, reserved 1114112K
  class space    used 4681K, committed 4992K, reserved 1048576K
}
Event: 14916.921 GC heap before
{Heap before GC invocations=62 (full 0):
 garbage-first heap   total 56320K, used 21763K [0x000000008ac00000, 0x0000000100000000)
  region size 1024K, 2 young (2048K), 1 survivors (1024K)
 Metaspace       used 39012K, committed 39616K, reserved 1114112K
  class space    used 4681K, committed 4992K, reserved 1048576K
}
Event: 14917.712 GC heap after
{Heap after GC invocations=63 (full 0):
 garbage-first heap   total 56320K, used 20739K [0x000000008ac00000, 0x0000000100000000)
  region size 1024K, 1 young (1024K), 1 survivors (1024K)
 Metaspace       used 39012K, committed 39616K, reserved 1114112K
  class space    used 4681K, committed 4992K, reserved 1048576K
}
Event: 14928.001 GC heap before
{Heap before GC invocations=63 (full 0):
 garbage-first heap   total 56320K, used 21763K [0x000000008ac00000, 0x0000000100000000)
  region size 1024K, 2 young (2048K), 1 survivors (1024K)
 Metaspace       used 39012K, committed 39616K, reserved 1114112K
  class space    used 4681K, committed 4992K, reserved 1048576K
}
Event: 14928.622 GC heap after
{Heap after GC invocations=64 (full 0):
 garbage-first heap   total 56320K, used 20719K [0x000000008ac00000, 0x0000000100000000)
  region size 1024K, 1 young (1024K), 1 survivors (1024K)
 Metaspace       used 39012K, committed 39616K, reserved 1114112K
  class space    used 4681K, committed 4992K, reserved 1048576K
}
Event: 14937.451 GC heap before
{Heap before GC invocations=64 (full 0):
 garbage-first heap   total 56320K, used 21743K [0x000000008ac00000, 0x0000000100000000)
  region size 1024K, 2 young (2048K), 1 survivors (1024K)
 Metaspace       used 39012K, committed 39616K, reserved 1114112K
  class space    used 4681K, committed 4992K, reserved 1048576K
}
Event: 14938.393 GC heap after
{Heap after GC invocations=65 (full 0):
 garbage-first heap   total 56320K, used 20743K [0x000000008ac00000, 0x0000000100000000)
  region size 1024K, 1 young (1024K), 1 survivors (1024K)
 Metaspace       used 39012K, committed 39616K, reserved 1114112K
  class space    used 4681K, committed 4992K, reserved 1048576K
}
Event: 14947.232 GC heap before
{Heap before GC invocations=65 (full 0):
 garbage-first heap   total 56320K, used 21767K [0x000000008ac00000, 0x0000000100000000)
  region size 1024K, 2 young (2048K), 1 survivors (1024K)
 Metaspace       used 39012K, committed 39616K, reserved 1114112K
  class space    used 4681K, committed 4992K, reserved 1048576K
}
Event: 14947.782 GC heap after
{Heap after GC invocations=66 (full 0):
 garbage-first heap   total 56320K, used 20735K [0x000000008ac00000, 0x0000000100000000)
  region size 1024K, 1 young (1024K), 1 survivors (1024K)
 Metaspace       used 39012K, committed 39616K, reserved 1114112K
  class space    used 4681K, committed 4992K, reserved 1048576K
}
Event: 14955.595 GC heap before
{Heap before GC invocations=66 (full 0):
 garbage-first heap   total 56320K, used 21759K [0x000000008ac00000, 0x0000000100000000)
  region size 1024K, 2 young (2048K), 1 survivors (1024K)
 Metaspace       used 39012K, committed 39616K, reserved 1114112K
  class space    used 4681K, committed 4992K, reserved 1048576K
}

